<?xml version="1.0" encoding="UTF-8" ?>
<testsuite tests="10" failures="9" name="execution.TestExecution" time="1.58" errors="0" skipped="1">
  <properties>
    <property name="java.runtime.name" value="Java(TM) SE Runtime Environment"/>
    <property name="sun.boot.library.path" value="C:\Program Files\Java\jdk1.8.0_161\jre\bin"/>
    <property name="java.vm.version" value="25.161-b12"/>
    <property name="java.vm.vendor" value="Oracle Corporation"/>
    <property name="maven.multiModuleProjectDirectory" value="C:\batch238\com.ranfordbank"/>
    <property name="java.vendor.url" value="http://java.oracle.com/"/>
    <property name="path.separator" value=";"/>
    <property name="guice.disable.misplaced.annotation.check" value="true"/>
    <property name="java.vm.name" value="Java HotSpot(TM) 64-Bit Server VM"/>
    <property name="file.encoding.pkg" value="sun.io"/>
    <property name="user.script" value=""/>
    <property name="user.country" value="US"/>
    <property name="sun.java.launcher" value="SUN_STANDARD"/>
    <property name="sun.os.patch.level" value=""/>
    <property name="java.vm.specification.name" value="Java Virtual Machine Specification"/>
    <property name="user.dir" value="C:\batch238\com.ranfordbank"/>
    <property name="java.runtime.version" value="1.8.0_161-b12"/>
    <property name="java.awt.graphicsenv" value="sun.awt.Win32GraphicsEnvironment"/>
    <property name="java.endorsed.dirs" value="C:\Program Files\Java\jdk1.8.0_161\jre\lib\endorsed"/>
    <property name="os.arch" value="amd64"/>
    <property name="java.io.tmpdir" value="C:\Users\JAGANN~1\AppData\Local\Temp\"/>
    <property name="line.separator" value="
"/>
    <property name="java.vm.specification.vendor" value="Oracle Corporation"/>
    <property name="user.variant" value=""/>
    <property name="os.name" value="Windows 8.1"/>
    <property name="classworlds.conf" value="C:\batch238\.metadata\.plugins\org.eclipse.m2e.launching\launches\m2conf6660691999289450221.tmp"/>
    <property name="sun.jnu.encoding" value="Cp1252"/>
    <property name="java.library.path" value="C:\Program Files\Java\jdk1.8.0_161\bin;C:\Windows\Sun\Java\bin;C:\Windows\system32;C:\Windows;C:/Program Files/Java/jre1.8.0_161/bin/server;C:/Program Files/Java/jre1.8.0_161/bin;C:/Program Files/Java/jre1.8.0_161/lib/amd64;C:\ProgramData\Oracle\Java\javapath;C:\program files\java\jdk1.8.0_161\bin;C:\Program Files\Java\jdk1.8.0_161\bin;C:\batch238\androidhome\tools;C:\batch238\androidhome\build-tools\25.0.1;C:\batch238\androidhome\platform-tools;C:\Program Files\nodejs;C:\modeltech_pe_10.4a\win32pe;C:\Users\jagannathar\AppData\Roaming\npm;C:\batch238\eclipse-jee-oxygen-2-win32-x86_64\eclipse;;."/>
    <property name="java.specification.name" value="Java Platform API Specification"/>
    <property name="java.class.version" value="52.0"/>
    <property name="sun.management.compiler" value="HotSpot 64-Bit Tiered Compilers"/>
    <property name="os.version" value="6.3"/>
    <property name="user.home" value="C:\Users\jagannathar"/>
    <property name="user.timezone" value="Asia/Calcutta"/>
    <property name="java.awt.printerjob" value="sun.awt.windows.WPrinterJob"/>
    <property name="java.specification.version" value="1.8"/>
    <property name="file.encoding" value="Cp1252"/>
    <property name="user.name" value="jagannathar"/>
    <property name="java.class.path" value="C:\batch238\eclipse-jee-oxygen-2-win32-x86_64\eclipse\plugins\org.eclipse.m2e.maven.runtime_1.8.2.20171007-0216\jars\plexus-classworlds-2.5.2.jar"/>
    <property name="java.vm.specification.version" value="1.8"/>
    <property name="sun.arch.data.model" value="64"/>
    <property name="java.home" value="C:\Program Files\Java\jdk1.8.0_161\jre"/>
    <property name="sun.java.command" value="org.codehaus.plexus.classworlds.launcher.Launcher -B test"/>
    <property name="java.specification.vendor" value="Oracle Corporation"/>
    <property name="user.language" value="en"/>
    <property name="awt.toolkit" value="sun.awt.windows.WToolkit"/>
    <property name="java.vm.info" value="mixed mode"/>
    <property name="java.version" value="1.8.0_161"/>
    <property name="java.ext.dirs" value="C:\Program Files\Java\jdk1.8.0_161\jre\lib\ext;C:\Windows\Sun\Java\lib\ext"/>
    <property name="sun.boot.class.path" value="C:\Program Files\Java\jdk1.8.0_161\jre\lib\resources.jar;C:\Program Files\Java\jdk1.8.0_161\jre\lib\rt.jar;C:\Program Files\Java\jdk1.8.0_161\jre\lib\sunrsasign.jar;C:\Program Files\Java\jdk1.8.0_161\jre\lib\jsse.jar;C:\Program Files\Java\jdk1.8.0_161\jre\lib\jce.jar;C:\Program Files\Java\jdk1.8.0_161\jre\lib\charsets.jar;C:\Program Files\Java\jdk1.8.0_161\jre\lib\jfr.jar;C:\Program Files\Java\jdk1.8.0_161\jre\classes"/>
    <property name="java.vendor" value="Oracle Corporation"/>
    <property name="maven.home" value="C:\batch238\com.ranfordbank\EMBEDDED"/>
    <property name="file.separator" value="\"/>
    <property name="java.vendor.url.bug" value="http://bugreport.sun.com/bugreport/"/>
    <property name="sun.cpu.endian" value="little"/>
    <property name="sun.io.unicode.encoding" value="UnicodeLittle"/>
    <property name="sun.desktop" value="windows"/>
    <property name="sun.cpu.isalist" value="amd64"/>
  </properties>
  <testcase classname="execution.TestExecution" name="verify_launch" time="1.198">
    <skipped/>
    <system-out>Configuring TestNG with: org.apache.maven.surefire.testng.conf.TestNG652Configurator@5ccd43c2
</system-out>
  </testcase>
  <testcase classname="execution.TestExecution" name="verify_login" time="0.015">
    <failure type="java.lang.NullPointerException">java.lang.NullPointerException
	at pagelibrary.LoginPage.Username_editbox(LoginPage.java:11)
	at execution.Repository.login(Repository.java:62)
	at execution.TestExecution.verify_login(TestExecution.java:14)
</failure>
  </testcase>
  <testcase classname="execution.TestExecution" name="verify_branchclick" time="0">
    <failure type="java.lang.NullPointerException">java.lang.NullPointerException
	at pagelibrary.Admin.Branches_button(Admin.java:11)
	at execution.Repository.branches(Repository.java:125)
	at execution.TestExecution.verify_branchclick(TestExecution.java:26)
</failure>
  </testcase>
  <testcase classname="execution.TestExecution" name="verify_excel" time="0.336">
    <failure type="java.lang.NullPointerException">java.lang.NullPointerException
	at pagelibrary.Branches.New_Branch(Branches.java:11)
	at execution.Repository.New_Branch(Repository.java:145)
	at execution.TestExecution.verify_excel(TestExecution.java:78)
</failure>
  </testcase>
  <testcase classname="execution.TestExecution" name="verify_branchsearch" time="0">
    <failure type="java.lang.NullPointerException">java.lang.NullPointerException
	at pagelibrary.Branches.Country_Dropdown(Branches.java:15)
	at execution.Repository.branch_search(Repository.java:175)
	at execution.TestExecution.verify_branchsearch(TestExecution.java:42)
</failure>
  </testcase>
  <testcase classname="execution.TestExecution" name="verify_Role" time="0.016">
    <failure type="java.lang.NullPointerException">java.lang.NullPointerException
	at pagelibrary.Admin.Roles_button(Admin.java:16)
	at execution.Repository.Roles(Repository.java:201)
	at execution.TestExecution.verify_Role(TestExecution.java:47)
</failure>
  </testcase>
  <testcase classname="execution.TestExecution" name="verify_NewRole" time="0">
    <failure type="java.lang.NullPointerException">java.lang.NullPointerException
	at pagelibrary.Roles.New_Role(Roles.java:12)
	at execution.Repository.New_Role(Repository.java:220)
	at execution.TestExecution.verify_NewRole(TestExecution.java:52)
</failure>
  </testcase>
  <testcase classname="execution.TestExecution" name="verify_Employee" time="0">
    <failure type="java.lang.NullPointerException">java.lang.NullPointerException
	at pagelibrary.Admin.Employee_button(Admin.java:26)
	at execution.Repository.EmployeePage(Repository.java:244)
	at execution.TestExecution.verify_Employee(TestExecution.java:57)
</failure>
  </testcase>
  <testcase classname="execution.TestExecution" name="verify_NewEmployee" time="0.015">
    <failure type="java.lang.NullPointerException">java.lang.NullPointerException
	at pagelibrary.EmployeePage.New_Employee(EmployeePage.java:17)
	at execution.Repository.New_Employee(Repository.java:263)
	at execution.TestExecution.verify_NewEmployee(TestExecution.java:62)
</failure>
  </testcase>
  <testcase classname="execution.TestExecution" name="verify_WebTable" time="0">
    <failure type="java.lang.NullPointerException">java.lang.NullPointerException
	at pagelibrary.Admin.Branches_button(Admin.java:11)
	at execution.Repository.Web_Table(Repository.java:307)
	at execution.TestExecution.verify_WebTable(TestExecution.java:67)
</failure>
  </testcase>
</testsuite>